<?xml version="1.0" encoding="UTF-8"?>
<testsuite xmlns:xsi="http://www.w3.org/2001/XMLSchema-instance" xsi:noNamespaceSchemaLocation="https://maven.apache.org/surefire/maven-surefire-plugin/xsd/surefire-test-report.xsd" name="com.quasar.operation.message.processor.MessageProcessorTest" time="0.023" tests="4" errors="0" skipped="0" failures="0">
  <properties>
[...]
</properties>
  <testcase name="testGetLocationFailIncorrectDistances" classname="com.quasar.operation.message.processor.MessageProcessorTest" time="0.013"/>
  <testcase name="testGetLocationFailIncorrectMessagesNumber" classname="com.quasar.operation.message.processor.MessageProcessorTest" time="0.001"/>
  <testcase name="testGetMessage" classname="com.quasar.operation.message.processor.MessageProcessorTest" time="0"/>
  <testcase name="testGetLocationSucces" classname="com.quasar.operation.message.processor.MessageProcessorTest" time="0.001"/>
</testsuite>